<?xml version="1.0" encoding="UTF-8"?>
<testng-results ignored="0" total="1" passed="1" failed="0" skipped="0">
  <reporter-output>
  </reporter-output>
  <suite started-at="2019-02-21T12:41:25Z" name="Suite" finished-at="2019-02-21T12:41:32Z" duration-ms="6603">
    <groups>
    </groups>
    <test started-at="2019-02-21T12:41:25Z" name="Test" finished-at="2019-02-21T12:41:32Z" duration-ms="6603">
      <class name="launchBrowserTestNG.LaunchBrowser_TestNG">
        <test-method signature="LaunchBrowser()[pri:0, instance:launchBrowserTestNG.LaunchBrowser_TestNG@49e53c76]" started-at="2019-02-21T12:41:25Z" name="LaunchBrowser" finished-at="2019-02-21T12:41:32Z" duration-ms="6549" status="PASS">
          <reporter-output>
          </reporter-output>
        </test-method> <!-- LaunchBrowser -->
      </class> <!-- launchBrowserTestNG.LaunchBrowser_TestNG -->
    </test> <!-- Test -->
  </suite> <!-- Suite -->
</testng-results>
